(flax) mrwhite0racle@White0racle:~/Desktop/UMDCourseWork/MSML641/Homework3$ python3 main.py 
Loading and preprocessing data...

Training: BILSTM | Act=sigmoid | Opt=rmsprop | Seq=100 | Clip=Yes
100%|██████████████████████████████████████████████████████████████████████████████████████████████| 782/782 [00:18<00:00, 43.36it/s]
Epoch 1/30 - Loss: 0.6984 - Accuracy: 0.5010 - F1: 0.3338 - Time: 18.13s
100%|██████████████████████████████████████████████████████████████████████████████████████████████| 782/782 [00:14<00:00, 54.73it/s]
Epoch 2/30 - Loss: 0.6951 - Accuracy: 0.4990 - F1: 0.3329 - Time: 14.37s
100%|██████████████████████████████████████████████████████████████████████████████████████████████| 782/782 [00:14<00:00, 55.43it/s]
Epoch 3/30 - Loss: 0.6940 - Accuracy: 0.5100 - F1: 0.4310 - Time: 14.19s
100%|██████████████████████████████████████████████████████████████████████████████████████████████| 782/782 [00:14<00:00, 55.02it/s]
Epoch 4/30 - Loss: 0.6935 - Accuracy: 0.5100 - F1: 0.4317 - Time: 14.29s
100%|██████████████████████████████████████████████████████████████████████████████████████████████| 782/782 [00:14<00:00, 54.96it/s]
Epoch 5/30 - Loss: 0.6923 - Accuracy: 0.5141 - F1: 0.4872 - Time: 14.31s
100%|██████████████████████████████████████████████████████████████████████████████████████████████| 782/782 [00:14<00:00, 54.79it/s]
Epoch 6/30 - Loss: 0.6911 - Accuracy: 0.5130 - F1: 0.4606 - Time: 14.35s
100%|██████████████████████████████████████████████████████████████████████████████████████████████| 782/782 [00:14<00:00, 54.90it/s]
Epoch 7/30 - Loss: 0.6863 - Accuracy: 0.5718 - F1: 0.5657 - Time: 14.33s
100%|██████████████████████████████████████████████████████████████████████████████████████████████| 782/782 [00:14<00:00, 55.02it/s]
Epoch 8/30 - Loss: 0.6014 - Accuracy: 0.7364 - F1: 0.7311 - Time: 14.29s
100%|██████████████████████████████████████████████████████████████████████████████████████████████| 782/782 [00:14<00:00, 54.98it/s]
Epoch 9/30 - Loss: 0.4922 - Accuracy: 0.7982 - F1: 0.7976 - Time: 14.31s
100%|██████████████████████████████████████████████████████████████████████████████████████████████| 782/782 [00:13<00:00, 56.36it/s]
Epoch 10/30 - Loss: 0.4149 - Accuracy: 0.8113 - F1: 0.8113 - Time: 13.95s
100%|██████████████████████████████████████████████████████████████████████████████████████████████| 782/782 [00:14<00:00, 54.91it/s]
Epoch 11/30 - Loss: 0.3690 - Accuracy: 0.8051 - F1: 0.8019 - Time: 14.31s
100%|██████████████████████████████████████████████████████████████████████████████████████████████| 782/782 [00:14<00:00, 55.38it/s]
Epoch 12/30 - Loss: 0.3333 - Accuracy: 0.8228 - F1: 0.8219 - Time: 14.21s
100%|██████████████████████████████████████████████████████████████████████████████████████████████| 782/782 [00:14<00:00, 54.60it/s]
Epoch 13/30 - Loss: 0.3115 - Accuracy: 0.7989 - F1: 0.7961 - Time: 14.40s
100%|██████████████████████████████████████████████████████████████████████████████████████████████| 782/782 [00:14<00:00, 54.87it/s]
Epoch 14/30 - Loss: 0.2932 - Accuracy: 0.8227 - F1: 0.8214 - Time: 14.34s
100%|██████████████████████████████████████████████████████████████████████████████████████████████| 782/782 [00:14<00:00, 54.67it/s]
Epoch 15/30 - Loss: 0.2786 - Accuracy: 0.8277 - F1: 0.8277 - Time: 14.39s
100%|██████████████████████████████████████████████████████████████████████████████████████████████| 782/782 [00:14<00:00, 55.25it/s]
Epoch 16/30 - Loss: 0.2606 - Accuracy: 0.8122 - F1: 0.8117 - Time: 14.24s
100%|██████████████████████████████████████████████████████████████████████████████████████████████| 782/782 [00:14<00:00, 54.77it/s]
Epoch 17/30 - Loss: 0.2536 - Accuracy: 0.8141 - F1: 0.8132 - Time: 14.37s
100%|██████████████████████████████████████████████████████████████████████████████████████████████| 782/782 [00:14<00:00, 55.06it/s]
Epoch 18/30 - Loss: 0.2421 - Accuracy: 0.8244 - F1: 0.8240 - Time: 14.30s
100%|██████████████████████████████████████████████████████████████████████████████████████████████| 782/782 [00:14<00:00, 55.01it/s]
Epoch 19/30 - Loss: 0.2279 - Accuracy: 0.8272 - F1: 0.8272 - Time: 14.29s
100%|██████████████████████████████████████████████████████████████████████████████████████████████| 782/782 [00:14<00:00, 54.14it/s]
Epoch 20/30 - Loss: 0.2171 - Accuracy: 0.8224 - F1: 0.8223 - Time: 14.52s
Early stopping at epoch 20
Results: Accuracy=0.8277, F1=0.8277, Best Epoch=15, Avg Epoch Time=14.50s
Confusion Matrix:
[[10437  2037]
 [ 2271 10255]]
Classification Report:
              precision    recall  f1-score   support

    Negative       0.82      0.84      0.83     12474
    Positive       0.83      0.82      0.83     12526

    accuracy                           0.83     25000
   macro avg       0.83      0.83      0.83     25000
weighted avg       0.83      0.83      0.83     25000

(flax) mrwhite0racle@White0racle:~/Desktop/UMDCourseWork/MSML641/Homework3$ 